2K performance run parameters for coremark.
CoreMark Size    : 666
Total ticks      : 20042
Total time (secs): 20.042000
Iterations/Sec   : 7983.235206
Iterations       : 160000
Compiler version : GCC8.3.0
Compiler flags   : N/A
Parallel PThreads : 4
Memory location  : Please put data memory location here
			(e.g. code in flash, data on heap etc)
seedcrc          : 0xe9f5
[0]crclist       : 0xe714
[1]crclist       : 0xe714
[2]crclist       : 0xe714
[3]crclist       : 0xe714
[0]crcmatrix     : 0x1fd7
[1]crcmatrix     : 0x1fd7
[2]crcmatrix     : 0x1fd7
[3]crcmatrix     : 0x1fd7
[0]crcstate      : 0x8e3a
[1]crcstate      : 0x8e3a
[2]crcstate      : 0x8e3a
[3]crcstate      : 0x8e3a
[0]crcfinal      : 0x25b5
[1]crcfinal      : 0x25b5
[2]crcfinal      : 0x25b5
[3]crcfinal      : 0x25b5
Correct operation validated. See README.md for run and reporting rules.
CoreMark 1.0 : 7983.235206 / GCC8.3.0 N/A / Heap / 4:PThreads
